restarting machine....
run script testscript.Workflow.Keys.CredCacheKey_2
basic recovery...
run script testscript.Auxiliary.CleanUp
run script testscript.Workflow.Keys.EnhancedKey_HardCodedValue_DT
basic recovery...
run script testscript.Auxiliary.CleanUp
run script testscript.Workflow.Keys.OutputKeys
basic recovery...
run script testscript.Auxiliary.CleanUp
run script testscript.Workflow.Keys.Parameter_keys_Mapping
basic recovery...
run script testscript.Auxiliary.CleanUp
run script testscript.Workflow.Keys.PKMapping_ADE_FT
basic recovery...
run script testscript.Auxiliary.CleanUp
run script testscript.Workflow.Keys.PKMapping_list_Tooling
basic recovery...
run script testscript.Auxiliary.CleanUp
run script testscript.Workflow.Keys.PKMapping_ReStartEclipse
basic recovery...
run script testscript.Auxiliary.CleanUp
run script testscript.Workflow.Keys.PKMapping_TransRule_Extract_FT
basic recovery...
run script testscript.Auxiliary.CleanUp
run script testscript.Workflow.Keys.PK_List_Tooling
basic recovery...
run script testscript.Auxiliary.CleanUp
run script testscript.Workflow.Keys.SCP_NewKey_Restart
basic recovery...
run script testscript.Auxiliary.CleanUp
run script testscript.Workflow.Keys.SISP_ExtractionRule_ADE
basic recovery...
run script testscript.Auxiliary.CleanUp
run script testscript.Workflow.Keys.SISP_Keys
basic recovery...
run script testscript.Auxiliary.CleanUp
run script testscript.Workflow.Keys.SISP_ParameterMapping
basic recovery...
run script testscript.Auxiliary.CleanUp
run script testscript.Workflow.Keys.SISP_PKMapping
basic recovery...
run script testscript.Auxiliary.CleanUp
run script testscript.Workflow.Keys.SP_NewKey_Restart
FinishTestNumerPolicy
restarting machine....
